Traceback (most recent call last):
  File "/opt/hostedtoolcache/Python/3.12.5/x64/lib/python3.12/site-packages/jupyter_cache/executors/utils.py", line 58, in single_nb_execution
    executenb(
  File "/opt/hostedtoolcache/Python/3.12.5/x64/lib/python3.12/site-packages/nbclient/client.py", line 1314, in execute
    return NotebookClient(nb=nb, resources=resources, km=km, **kwargs).execute()
           ^^^^^^^^^^^^^^^^^^^^^^^^^^^^^^^^^^^^^^^^^^^^^^^^^^^^^^^^^^^^^^^^^^^^^
  File "/opt/hostedtoolcache/Python/3.12.5/x64/lib/python3.12/site-packages/jupyter_core/utils/__init__.py", line 165, in wrapped
    return loop.run_until_complete(inner)
           ^^^^^^^^^^^^^^^^^^^^^^^^^^^^^^
  File "/opt/hostedtoolcache/Python/3.12.5/x64/lib/python3.12/asyncio/base_events.py", line 687, in run_until_complete
    return future.result()
           ^^^^^^^^^^^^^^^
  File "/opt/hostedtoolcache/Python/3.12.5/x64/lib/python3.12/site-packages/nbclient/client.py", line 709, in async_execute
    await self.async_execute_cell(
  File "/opt/hostedtoolcache/Python/3.12.5/x64/lib/python3.12/site-packages/nbclient/client.py", line 1062, in async_execute_cell
    await self._check_raise_for_error(cell, cell_index, exec_reply)
  File "/opt/hostedtoolcache/Python/3.12.5/x64/lib/python3.12/site-packages/nbclient/client.py", line 918, in _check_raise_for_error
    raise CellExecutionError.from_cell_and_msg(cell, exec_reply_content)
nbclient.exceptions.CellExecutionError: An error occurred while executing the following cell:
------------------
import matplotlib.pyplot as plt
import porespy as ps
import numpy as np
from porespy.visualization import set_mpl_style
set_mpl_style()
------------------


[0;31m---------------------------------------------------------------------------[0m
[0;31mModuleNotFoundError[0m                       Traceback (most recent call last)
Cell [0;32mIn[1], line 2[0m
[1;32m      1[0m [38;5;28;01mimport[39;00m [38;5;21;01mmatplotlib[39;00m[38;5;21;01m.[39;00m[38;5;21;01mpyplot[39;00m [38;5;28;01mas[39;00m [38;5;21;01mplt[39;00m
[0;32m----> 2[0m [38;5;28;01mimport[39;00m [38;5;21;01mporespy[39;00m [38;5;28;01mas[39;00m [38;5;21;01mps[39;00m
[1;32m      3[0m [38;5;28;01mimport[39;00m [38;5;21;01mnumpy[39;00m [38;5;28;01mas[39;00m [38;5;21;01mnp[39;00m
[1;32m      4[0m [38;5;28;01mfrom[39;00m [38;5;21;01mporespy[39;00m[38;5;21;01m.[39;00m[38;5;21;01mvisualization[39;00m [38;5;28;01mimport[39;00m set_mpl_style

File [0;32m~/work/porespy/porespy/src/porespy/__init__.py:15[0m
[1;32m      1[0m [38;5;124mr[39m[38;5;124;03m"""[39;00m
[1;32m      2[0m [38;5;124;03m#######[39;00m
[1;32m      3[0m [38;5;124;03mPoreSpy[39;00m
[0;32m   (...)[0m
[1;32m     12[0m 
[1;32m     13[0m [38;5;124;03m"""[39;00m
[0;32m---> 15[0m [38;5;28;01mfrom[39;00m [38;5;21;01m.[39;00m[38;5;21;01mtools[39;00m[38;5;21;01m.[39;00m[38;5;21;01m_utils[39;00m [38;5;28;01mimport[39;00m Settings [38;5;28;01mas[39;00m _Settings
[1;32m     17[0m settings [38;5;241m=[39m _Settings()
[1;32m     19[0m [38;5;28;01mfrom[39;00m [38;5;21;01m.[39;00m [38;5;28;01mimport[39;00m tools

File [0;32m~/work/porespy/porespy/src/porespy/tools/__init__.py:48[0m
[1;32m      1[0m [38;5;124mr[39m[38;5;124;03m"""[39;00m
[1;32m      2[0m 
[1;32m      3[0m [38;5;124;03mCollection of helper functions for manipulating images[39;00m
[0;32m   (...)[0m
[1;32m     45[0m 
[1;32m     46[0m [38;5;124;03m"""[39;00m
[0;32m---> 48[0m [38;5;28;01mfrom[39;00m [38;5;21;01m.[39;00m[38;5;21;01m_funcs[39;00m [38;5;28;01mimport[39;00m [38;5;241m*[39m
[1;32m     49[0m [38;5;28;01mfrom[39;00m [38;5;21;01m.[39;00m[38;5;21;01m_utils[39;00m [38;5;28;01mimport[39;00m [38;5;241m*[39m
[1;32m     50[0m [38;5;28;01mfrom[39;00m [38;5;21;01m.[39;00m[38;5;21;01m_funcs[39;00m [38;5;28;01mimport[39;00m _check_for_singleton_axes, center_of_mass

File [0;32m~/work/porespy/porespy/src/porespy/tools/_funcs.py:4[0m
[1;32m      1[0m [38;5;28;01mimport[39;00m [38;5;21;01mlogging[39;00m
[1;32m      3[0m [38;5;28;01mimport[39;00m [38;5;21;01mnumpy[39;00m [38;5;28;01mas[39;00m [38;5;21;01mnp[39;00m
[0;32m----> 4[0m [38;5;28;01mimport[39;00m [38;5;21;01mscipy[39;00m[38;5;21;01m.[39;00m[38;5;21;01mndimage[39;00m [38;5;28;01mas[39;00m [38;5;21;01mspim[39;00m
[1;32m      5[0m [38;5;28;01mfrom[39;00m [38;5;21;01mnumba[39;00m [38;5;28;01mimport[39;00m boolean, njit
[1;32m      6[0m [38;5;28;01mfrom[39;00m [38;5;21;01mskimage[39;00m[38;5;21;01m.[39;00m[38;5;21;01mmorphology[39;00m [38;5;28;01mimport[39;00m ball, disk

File [0;32m/opt/hostedtoolcache/Python/3.12.5/x64/lib/python3.12/site-packages/scipy/ndimage/__init__.py:152[0m
[1;32m      1[0m [38;5;124;03m"""[39;00m
[1;32m      2[0m [38;5;124;03m=========================================================[39;00m
[1;32m      3[0m [38;5;124;03mMultidimensional image processing (:mod:`scipy.ndimage`)[39;00m
[0;32m   (...)[0m
[1;32m    119[0m 
[1;32m    120[0m [38;5;124;03m"""[39;00m
[1;32m    122[0m [38;5;66;03m# Copyright (C) 2003-2005 Peter J. Verveer[39;00m
[1;32m    123[0m [38;5;66;03m#[39;00m
[1;32m    124[0m [38;5;66;03m# Redistribution and use in source and binary forms, with or without[39;00m
[0;32m   (...)[0m
[1;32m    149[0m [38;5;66;03m# NEGLIGENCE OR OTHERWISE) ARISING IN ANY WAY OUT OF THE USE OF THIS[39;00m
[1;32m    150[0m [38;5;66;03m# SOFTWARE, EVEN IF ADVISED OF THE POSSIBILITY OF SUCH DAMAGE.[39;00m
[0;32m--> 152[0m [38;5;28;01mfrom[39;00m [38;5;21;01m.[39;00m[38;5;21;01m_filters[39;00m [38;5;28;01mimport[39;00m [38;5;241m*[39m
[1;32m    153[0m [38;5;28;01mfrom[39;00m [38;5;21;01m.[39;00m[38;5;21;01m_fourier[39;00m [38;5;28;01mimport[39;00m [38;5;241m*[39m
[1;32m    154[0m [38;5;28;01mfrom[39;00m [38;5;21;01m.[39;00m[38;5;21;01m_interpolation[39;00m [38;5;28;01mimport[39;00m [38;5;241m*[39m

File [0;32m/opt/hostedtoolcache/Python/3.12.5/x64/lib/python3.12/site-packages/scipy/ndimage/_filters.py:37[0m
[1;32m     34[0m [38;5;28;01mimport[39;00m [38;5;21;01mnumpy[39;00m [38;5;28;01mas[39;00m [38;5;21;01mnp[39;00m
[1;32m     35[0m [38;5;28;01mimport[39;00m [38;5;21;01moperator[39;00m
[0;32m---> 37[0m [38;5;28;01mfrom[39;00m [38;5;21;01mscipy[39;00m[38;5;21;01m.[39;00m[38;5;21;01m_lib[39;00m[38;5;21;01m.[39;00m[38;5;21;01m_util[39;00m [38;5;28;01mimport[39;00m normalize_axis_index
[1;32m     38[0m [38;5;28;01mfrom[39;00m [38;5;21;01m.[39;00m [38;5;28;01mimport[39;00m _ni_support
[1;32m     39[0m [38;5;28;01mfrom[39;00m [38;5;21;01m.[39;00m [38;5;28;01mimport[39;00m _nd_image

File [0;32m/opt/hostedtoolcache/Python/3.12.5/x64/lib/python3.12/site-packages/scipy/_lib/_util.py:18[0m
[1;32m     10[0m [38;5;28;01mfrom[39;00m [38;5;21;01mtyping[39;00m [38;5;28;01mimport[39;00m (
[1;32m     11[0m     Optional,
[1;32m     12[0m     Union,
[1;32m     13[0m     TYPE_CHECKING,
[1;32m     14[0m     TypeVar,
[1;32m     15[0m )
[1;32m     17[0m [38;5;28;01mimport[39;00m [38;5;21;01mnumpy[39;00m [38;5;28;01mas[39;00m [38;5;21;01mnp[39;00m
[0;32m---> 18[0m [38;5;28;01mfrom[39;00m [38;5;21;01mscipy[39;00m[38;5;21;01m.[39;00m[38;5;21;01m_lib[39;00m[38;5;21;01m.[39;00m[38;5;21;01m_array_api[39;00m [38;5;28;01mimport[39;00m array_namespace, is_numpy, size [38;5;28;01mas[39;00m xp_size
[1;32m     21[0m AxisError: [38;5;28mtype[39m[[38;5;167;01mException[39;00m]
[1;32m     22[0m ComplexWarning: [38;5;28mtype[39m[[38;5;167;01mWarning[39;00m]

File [0;32m/opt/hostedtoolcache/Python/3.12.5/x64/lib/python3.12/site-packages/scipy/_lib/_array_api.py:21[0m
[1;32m     18[0m [38;5;28;01mimport[39;00m [38;5;21;01mnumpy[39;00m[38;5;21;01m.[39;00m[38;5;21;01mtyping[39;00m [38;5;28;01mas[39;00m [38;5;21;01mnpt[39;00m
[1;32m     20[0m [38;5;28;01mfrom[39;00m [38;5;21;01mscipy[39;00m[38;5;21;01m.[39;00m[38;5;21;01m_lib[39;00m [38;5;28;01mimport[39;00m array_api_compat
[0;32m---> 21[0m [38;5;28;01mfrom[39;00m [38;5;21;01mscipy[39;00m[38;5;21;01m.[39;00m[38;5;21;01m_lib[39;00m[38;5;21;01m.[39;00m[38;5;21;01marray_api_compat[39;00m [38;5;28;01mimport[39;00m (
[1;32m     22[0m     is_array_api_obj,
[1;32m     23[0m     size,
[1;32m     24[0m     numpy [38;5;28;01mas[39;00m np_compat,
[1;32m     25[0m     device
[1;32m     26[0m )
[1;32m     28[0m __all__ [38;5;241m=[39m [[38;5;124m'[39m[38;5;124marray_namespace[39m[38;5;124m'[39m, [38;5;124m'[39m[38;5;124m_asarray[39m[38;5;124m'[39m, [38;5;124m'[39m[38;5;124msize[39m[38;5;124m'[39m, [38;5;124m'[39m[38;5;124mdevice[39m[38;5;124m'[39m]
[1;32m     31[0m [38;5;66;03m# To enable array API and strict array-like input validation[39;00m

File [0;32m/opt/hostedtoolcache/Python/3.12.5/x64/lib/python3.12/site-packages/scipy/_lib/array_api_compat/numpy/__init__.py:1[0m
[0;32m----> 1[0m [38;5;28;01mfrom[39;00m [38;5;21;01mnumpy[39;00m [38;5;28;01mimport[39;00m [38;5;241m*[39m [38;5;66;03m# noqa: F403[39;00m
[1;32m      3[0m [38;5;66;03m# from numpy import * doesn't overwrite these builtin names[39;00m
[1;32m      4[0m [38;5;28;01mfrom[39;00m [38;5;21;01mnumpy[39;00m [38;5;28;01mimport[39;00m [38;5;28mabs[39m, [38;5;28mmax[39m, [38;5;28mmin[39m, [38;5;28mround[39m [38;5;66;03m# noqa: F401[39;00m

File [0;32m/opt/hostedtoolcache/Python/3.12.5/x64/lib/python3.12/site-packages/numpy/__init__.py:352[0m, in [0;36m__getattr__[0;34m(attr)[0m
[1;32m    351[0m [38;5;28;01mdef[39;00m [38;5;21m_sanity_check[39m():
[0;32m--> 352[0m [38;5;250m    [39m[38;5;124;03m"""[39;00m
[1;32m    353[0m [38;5;124;03m    Quick sanity checks for common bugs caused by environment.[39;00m
[1;32m    354[0m [38;5;124;03m    There are some cases e.g. with wrong BLAS ABI that cause wrong[39;00m
[1;32m    355[0m [38;5;124;03m    results under specific runtime conditions that are not necessarily[39;00m
[1;32m    356[0m [38;5;124;03m    achieved during test suite runs, and it is useful to catch those early.[39;00m
[1;32m    357[0m 
[1;32m    358[0m [38;5;124;03m    See https://github.com/numpy/numpy/issues/8577 and other[39;00m
[1;32m    359[0m [38;5;124;03m    similar bug reports.[39;00m
[1;32m    360[0m 
[1;32m    361[0m [38;5;124;03m    """[39;00m
[1;32m    362[0m     [38;5;28;01mtry[39;00m:
[1;32m    363[0m         x [38;5;241m=[39m ones([38;5;241m2[39m, dtype[38;5;241m=[39mfloat32)

File [0;32m/opt/hostedtoolcache/Python/3.12.5/x64/lib/python3.12/site-packages/numpy/testing/__init__.py:11[0m
[1;32m      8[0m [38;5;28;01mfrom[39;00m [38;5;21;01munittest[39;00m [38;5;28;01mimport[39;00m TestCase
[1;32m     10[0m [38;5;28;01mfrom[39;00m [38;5;21;01m.[39;00m [38;5;28;01mimport[39;00m _private
[0;32m---> 11[0m [38;5;28;01mfrom[39;00m [38;5;21;01m.[39;00m[38;5;21;01m_private[39;00m[38;5;21;01m.[39;00m[38;5;21;01mutils[39;00m [38;5;28;01mimport[39;00m [38;5;241m*[39m
[1;32m     12[0m [38;5;28;01mfrom[39;00m [38;5;21;01m.[39;00m[38;5;21;01m_private[39;00m[38;5;21;01m.[39;00m[38;5;21;01mutils[39;00m [38;5;28;01mimport[39;00m (_assert_valid_refcount, _gen_alignment_data)
[1;32m     13[0m [38;5;28;01mfrom[39;00m [38;5;21;01m.[39;00m[38;5;21;01m_private[39;00m [38;5;28;01mimport[39;00m extbuild

File [0;32m/opt/hostedtoolcache/Python/3.12.5/x64/lib/python3.12/site-packages/numpy/testing/_private/utils.py:22[0m
[1;32m     19[0m [38;5;28;01mimport[39;00m [38;5;21;01msysconfig[39;00m
[1;32m     21[0m [38;5;28;01mimport[39;00m [38;5;21;01mnumpy[39;00m [38;5;28;01mas[39;00m [38;5;21;01mnp[39;00m
[0;32m---> 22[0m [38;5;28;01mfrom[39;00m [38;5;21;01mnumpy[39;00m[38;5;21;01m.[39;00m[38;5;21;01mcore[39;00m [38;5;28;01mimport[39;00m (
[1;32m     23[0m      intp, float32, empty, arange, array_repr, ndarray, isnat, array)
[1;32m     24[0m [38;5;28;01mfrom[39;00m [38;5;21;01mnumpy[39;00m [38;5;28;01mimport[39;00m isfinite, isnan, isinf
[1;32m     25[0m [38;5;28;01mimport[39;00m [38;5;21;01mnumpy[39;00m[38;5;21;01m.[39;00m[38;5;21;01mlinalg[39;00m[38;5;21;01m.[39;00m[38;5;21;01m_umath_linalg[39;00m

[0;31mModuleNotFoundError[0m: No module named 'numpy.core'

